{"/mnt/c/myProjects/page-loader/src/index.js": {"path":"/mnt/c/myProjects/page-loader/src/index.js","statementMap":{"0":{"start":{"line":8,"column":0},"end":{"line":8,"column":37}},"1":{"start":{"line":10,"column":27},"end":{"line":14,"column":1}},"2":{"start":{"line":11,"column":17},"end":{"line":11,"column":39}},"3":{"start":{"line":12,"column":19},"end":{"line":12,"column":87}},"4":{"start":{"line":13,"column":2},"end":{"line":13,"column":28}},"5":{"start":{"line":17,"column":19},"end":{"line":17,"column":69}},"6":{"start":{"line":18,"column":2},"end":{"line":20,"column":42}},"7":{"start":{"line":19,"column":22},"end":{"line":19,"column":59}},"8":{"start":{"line":20,"column":16},"end":{"line":20,"column":40}}},"fnMap":{"0":{"name":"(anonymous_0)","decl":{"start":{"line":10,"column":27},"end":{"line":10,"column":28}},"loc":{"start":{"line":10,"column":44},"end":{"line":14,"column":1}},"line":10},"1":{"name":"(anonymous_1)","decl":{"start":{"line":16,"column":15},"end":{"line":16,"column":16}},"loc":{"start":{"line":16,"column":44},"end":{"line":21,"column":1}},"line":16},"2":{"name":"(anonymous_2)","decl":{"start":{"line":19,"column":10},"end":{"line":19,"column":11}},"loc":{"start":{"line":19,"column":22},"end":{"line":19,"column":59}},"line":19},"3":{"name":"(anonymous_3)","decl":{"start":{"line":20,"column":11},"end":{"line":20,"column":12}},"loc":{"start":{"line":20,"column":16},"end":{"line":20,"column":40}},"line":20}},"branchMap":{},"s":{"0":1,"1":1,"2":4,"3":4,"4":4,"5":1,"6":1,"7":1,"8":0},"f":{"0":4,"1":1,"2":1,"3":0},"b":{},"_coverageSchema":"43e27e138ebf9cfc5966b082cf9a028302ed4184","hash":"4a6acdf8c22c83048a238d9bc4e27cc62c611d6a"}
}
